Using pre-set license
Built from '2021.1/release' branch; Version is '2021.1.0f1 (61a549675243) revision 6399305'; Using compiler version '192528614'; Build Type 'Release'
OS: 'Windows 10 Pro; OS build 19042.928; Version 2009; 64bit' Language: 'en' Physical Memory: 16315 MB
BatchMode: 1, IsHumanControllingUs: 0, StartBugReporterOnCrash: 0, Is64bit: 1, IsPro: 0

 COMMAND LINE ARGUMENTS:
C:\unityeditors\2021.1.0f1\Editor\Unity.exe
-adb2
-batchMode
-noUpm
-name
AssetImportWorker0
-projectPath
C:/Users/mcleg/Documents/Unity Projects/ld48_schwoop
-logFile
Logs/AssetImportWorker0.log
-srvPort
54243
Successfully changed project path to: C:/Users/mcleg/Documents/Unity Projects/ld48_schwoop
C:/Users/mcleg/Documents/Unity Projects/ld48_schwoop
Using Asset Import Pipeline V2.
Refreshing native plugins compatible for Editor in 155.84 ms, found 2 plugins.
Preloading 0 native plugins for Editor in 0.00 ms.
Initialize engine version: 2021.1.0f1 (61a549675243)
[Subsystems] Discovering subsystems at path C:/unityeditors/2021.1.0f1/Editor/Data/Resources/UnitySubsystems
[Subsystems] Discovering subsystems at path C:/Users/mcleg/Documents/Unity Projects/ld48_schwoop/Assets
GfxDevice: creating device client; threaded=0; jobified=0
Direct3D:
    Version:  Direct3D 11.0 [level 11.1]
    Renderer: NVIDIA GeForce GTX 1660 (ID=0x2184)
    Vendor:   NVIDIA
    VRAM:     5991 MB
    Driver:   27.21.14.6611
Initialize mono
Mono path[0] = 'C:/unityeditors/2021.1.0f1/Editor/Data/Managed'
Mono path[1] = 'C:/unityeditors/2021.1.0f1/Editor/Data/MonoBleedingEdge/lib/mono/unityjit'
Mono config path = 'C:/unityeditors/2021.1.0f1/Editor/Data/MonoBleedingEdge/etc'
Using monoOptions --debugger-agent=transport=dt_socket,embedding=1,server=y,suspend=n,address=127.0.0.1:56516
Begin MonoManager ReloadAssembly
Registering precompiled unity dll's ...
Register platform support module: C:/unityeditors/2021.1.0f1/Editor/Data/PlaybackEngines/WebGLSupport/UnityEditor.WebGL.Extensions.dll
Register platform support module: C:/unityeditors/2021.1.0f1/Editor/Data/PlaybackEngines/MacStandaloneSupport/UnityEditor.OSXStandalone.Extensions.dll
Register platform support module: C:/unityeditors/2021.1.0f1/Editor/Data/PlaybackEngines/WindowsStandaloneSupport/UnityEditor.WindowsStandalone.Extensions.dll
Register platform support module: C:/unityeditors/2021.1.0f1/Editor/Data/PlaybackEngines/LinuxStandaloneSupport/UnityEditor.LinuxStandalone.Extensions.dll
Registered in 0.003121 seconds.
Native extension for LinuxStandalone target not found
Native extension for WindowsStandalone target not found
Native extension for OSXStandalone target not found
Native extension for WebGL target not found
Refreshing native plugins compatible for Editor in 104.53 ms, found 2 plugins.
Preloading 0 native plugins for Editor in 0.00 ms.
Mono: successfully reloaded assembly
- Completed reload, in  2.179 seconds
Platform modules already initialized, skipping
Registering precompiled user dll's ...
Registered in 0.004035 seconds.
Begin MonoManager ReloadAssembly
Native extension for LinuxStandalone target not found
Native extension for WindowsStandalone target not found
Native extension for OSXStandalone target not found
Native extension for WebGL target not found
Refreshing native plugins compatible for Editor in 109.59 ms, found 2 plugins.
Preloading 0 native plugins for Editor in 0.00 ms.
Mono: successfully reloaded assembly
- Completed reload, in  1.271 seconds
Platform modules already initialized, skipping
========================================================================
Worker process is ready to serve import requests
Launched and connected shader compiler UnityShaderCompiler.exe after 0.10 seconds
Refreshing native plugins compatible for Editor in 0.63 ms, found 2 plugins.
Preloading 0 native plugins for Editor in 0.00 ms.
Unloading 3672 Unused Serialized files (Serialized files now loaded: 0)
System memory in use before: 138.3 MB.
System memory in use after: 138.4 MB.

Unloading 31 unused Assets to reduce memory usage. Loaded Objects now: 4127.
Total: 2.784700 ms (FindLiveObjects: 0.397300 ms CreateObjectMapping: 0.284000 ms MarkObjects: 1.957900 ms  DeleteObjects: 0.144600 ms)

========================================================================
Received Import Request.
  path: Assets/sprites/png/schwoop_arm.png
  artifactKey: Guid(d75e49dc9a0d21a48b3a1a14d92811ce) Importer(815301076,1909f56bfc062723c751e8b465ee728b)
Start importing Assets/sprites/png/schwoop_arm.png using Guid(d75e49dc9a0d21a48b3a1a14d92811ce) Importer(815301076,1909f56bfc062723c751e8b465ee728b)  -> (artifact id: '4fa2925b8fa7ebb4d7125717a2a1ffae') in 0.157729 seconds 
========================================================================
Received Import Request.
  Time since last request: 0.000403 seconds.
  path: Assets/sprites/png/playBtnPressed.png
  artifactKey: Guid(54689fe9e0db3384a88593dbe46afab2) Importer(815301076,1909f56bfc062723c751e8b465ee728b)
Start importing Assets/sprites/png/playBtnPressed.png using Guid(54689fe9e0db3384a88593dbe46afab2) Importer(815301076,1909f56bfc062723c751e8b465ee728b)  -> (artifact id: '486b18a2f03b8bdcb69f346ac4c77d00') in 0.014747 seconds 
========================================================================
Received Import Request.
  Time since last request: 0.000228 seconds.
  path: Assets/sprites/png/backPressed.png
  artifactKey: Guid(12925552e4a957e44adad26d05105d96) Importer(815301076,1909f56bfc062723c751e8b465ee728b)
Start importing Assets/sprites/png/backPressed.png using Guid(12925552e4a957e44adad26d05105d96) Importer(815301076,1909f56bfc062723c751e8b465ee728b)  -> (artifact id: '7c12b1fe20d2631ce52437470d4abb11') in 0.015231 seconds 
========================================================================
Received Import Request.
  Time since last request: 0.000201 seconds.
  path: Assets/sprites/png/playBtn.png
  artifactKey: Guid(b756c89c29a9c3a45a83b8661c54271e) Importer(815301076,1909f56bfc062723c751e8b465ee728b)
Start importing Assets/sprites/png/playBtn.png using Guid(b756c89c29a9c3a45a83b8661c54271e) Importer(815301076,1909f56bfc062723c751e8b465ee728b)  -> (artifact id: '90ef2c0f9060e94bc63a87c93957b5e7') in 0.012452 seconds 
========================================================================
Received Import Request.
  Time since last request: 0.000270 seconds.
  path: Assets/sprites/png/tile.png
  artifactKey: Guid(9d51148053e455842900c509c7e0539e) Importer(815301076,1909f56bfc062723c751e8b465ee728b)
Start importing Assets/sprites/png/tile.png using Guid(9d51148053e455842900c509c7e0539e) Importer(815301076,1909f56bfc062723c751e8b465ee728b)  -> (artifact id: 'd87ba3677a60e6ef728760c3c13289d1') in 0.012349 seconds 
========================================================================
Received Import Request.
  Time since last request: 0.000501 seconds.
  path: Assets/sprites/png/creditsBtnPressed.png
  artifactKey: Guid(32783c536954ce246a64a6bee69dc863) Importer(815301076,1909f56bfc062723c751e8b465ee728b)
Start importing Assets/sprites/png/creditsBtnPressed.png using Guid(32783c536954ce246a64a6bee69dc863) Importer(815301076,1909f56bfc062723c751e8b465ee728b)  -> (artifact id: 'f84cd95f45794d8187dc06aa99608065') in 0.017251 seconds 
========================================================================
Received Import Request.
  Time since last request: 0.000209 seconds.
  path: Assets/sprites/png/back.png
  artifactKey: Guid(320f3c3df91d992439ce5b2a326f6939) Importer(815301076,1909f56bfc062723c751e8b465ee728b)
Start importing Assets/sprites/png/back.png using Guid(320f3c3df91d992439ce5b2a326f6939) Importer(815301076,1909f56bfc062723c751e8b465ee728b)  -> (artifact id: '828a17060639a7f4745df127d3b71565') in 0.015786 seconds 
========================================================================
Received Import Request.
  Time since last request: 0.000197 seconds.
  path: Assets/sprites/png/schwoop_player1.png
  artifactKey: Guid(3e02a459ce843f0439c672b63a518241) Importer(815301076,1909f56bfc062723c751e8b465ee728b)
Start importing Assets/sprites/png/schwoop_player1.png using Guid(3e02a459ce843f0439c672b63a518241) Importer(815301076,1909f56bfc062723c751e8b465ee728b)  -> (artifact id: '55b651445c754da016d60e30076bf603') in 0.011544 seconds 
========================================================================
Received Import Request.
  Time since last request: 0.000166 seconds.
  path: Assets/sprites/png/solidwall.png
  artifactKey: Guid(4f659d4be9b1aab4d913fa572bac86bb) Importer(815301076,1909f56bfc062723c751e8b465ee728b)
Start importing Assets/sprites/png/solidwall.png using Guid(4f659d4be9b1aab4d913fa572bac86bb) Importer(815301076,1909f56bfc062723c751e8b465ee728b)  -> (artifact id: '662c35543dea065573e8a758defa46dd') in 0.012359 seconds 
========================================================================
Received Import Request.
  Time since last request: 0.000263 seconds.
  path: Assets/sprites/png/tile r.png
  artifactKey: Guid(9c1c023248762a3429aabac5e004fef5) Importer(815301076,1909f56bfc062723c751e8b465ee728b)
Start importing Assets/sprites/png/tile r.png using Guid(9c1c023248762a3429aabac5e004fef5) Importer(815301076,1909f56bfc062723c751e8b465ee728b)  -> (artifact id: 'e138d02ce775790c714ace4c67c4db59') in 0.013318 seconds 
========================================================================
Received Import Request.
  Time since last request: 0.000175 seconds.
  path: Assets/sprites/png/creditsBtn.png
  artifactKey: Guid(dd3e073d238710645bb7fb969b553601) Importer(815301076,1909f56bfc062723c751e8b465ee728b)
Start importing Assets/sprites/png/creditsBtn.png using Guid(dd3e073d238710645bb7fb969b553601) Importer(815301076,1909f56bfc062723c751e8b465ee728b)  -> (artifact id: 'd0575f7eda818002408f7bf84dc0595b') in 0.012003 seconds 
========================================================================
Received Prepare
Refreshing native plugins compatible for Editor in 3.50 ms, found 2 plugins.
Preloading 0 native plugins for Editor in 0.00 ms.
Unloading 15 Unused Serialized files (Serialized files now loaded: 0)
System memory in use before: 70.2 MB.
System memory in use after: 70.3 MB.

Unloading 15 unused Assets to reduce memory usage. Loaded Objects now: 4148.
Total: 3.543700 ms (FindLiveObjects: 0.383700 ms CreateObjectMapping: 0.273900 ms MarkObjects: 2.781100 ms  DeleteObjects: 0.103500 ms)

========================================================================
Received Prepare
Refreshing native plugins compatible for Editor in 3.17 ms, found 2 plugins.
Preloading 0 native plugins for Editor in 0.00 ms.
Unloading 15 Unused Serialized files (Serialized files now loaded: 0)
System memory in use before: 70.2 MB.
System memory in use after: 70.3 MB.

Unloading 15 unused Assets to reduce memory usage. Loaded Objects now: 4148.
Total: 4.030100 ms (FindLiveObjects: 0.306900 ms CreateObjectMapping: 0.185000 ms MarkObjects: 3.401100 ms  DeleteObjects: 0.135800 ms)

========================================================================
Received Prepare
Registering precompiled user dll's ...
Registered in 0.003959 seconds.
Begin MonoManager ReloadAssembly
Native extension for LinuxStandalone target not found
Native extension for WindowsStandalone target not found
Native extension for OSXStandalone target not found
Native extension for WebGL target not found
Refreshing native plugins compatible for Editor in 0.66 ms, found 2 plugins.
Preloading 0 native plugins for Editor in 0.00 ms.
Mono: successfully reloaded assembly
- Completed reload, in  1.333 seconds
Platform modules already initialized, skipping
Refreshing native plugins compatible for Editor in 0.67 ms, found 2 plugins.
Preloading 0 native plugins for Editor in 0.00 ms.
Unloading 3678 Unused Serialized files (Serialized files now loaded: 0)
System memory in use before: 147.5 MB.
System memory in use after: 147.6 MB.

Unloading 17 unused Assets to reduce memory usage. Loaded Objects now: 4306.
Total: 10.162700 ms (FindLiveObjects: 7.116400 ms CreateObjectMapping: 0.800900 ms MarkObjects: 2.142400 ms  DeleteObjects: 0.101100 ms)

========================================================================
Received Prepare
Refreshing native plugins compatible for Editor in 9.66 ms, found 2 plugins.
Preloading 0 native plugins for Editor in 0.00 ms.
Unloading 15 Unused Serialized files (Serialized files now loaded: 0)
System memory in use before: 74.7 MB.
System memory in use after: 74.8 MB.

Unloading 15 unused Assets to reduce memory usage. Loaded Objects now: 4306.
Total: 3.283700 ms (FindLiveObjects: 0.314400 ms CreateObjectMapping: 0.223200 ms MarkObjects: 2.653600 ms  DeleteObjects: 0.091300 ms)

========================================================================
Received Import Request.
  Time since last request: 2305.982389 seconds.
  path: Assets/sprites/psd/badJams.psd
  artifactKey: Guid(d07f8159edebae14db8487c9d24bd1b2) Importer(815301076,1909f56bfc062723c751e8b465ee728b)
Start importing Assets/sprites/psd/badJams.psd using Guid(d07f8159edebae14db8487c9d24bd1b2) Importer(815301076,1909f56bfc062723c751e8b465ee728b)  -> (artifact id: 'd73d739fee2223c73def9721a6438393') in 0.073730 seconds 
========================================================================
Received Prepare
Refreshing native plugins compatible for Editor in 3.15 ms, found 2 plugins.
Preloading 0 native plugins for Editor in 0.00 ms.
Unloading 15 Unused Serialized files (Serialized files now loaded: 0)
System memory in use before: 74.8 MB.
System memory in use after: 74.9 MB.

Unloading 15 unused Assets to reduce memory usage. Loaded Objects now: 4310.
Total: 3.322400 ms (FindLiveObjects: 0.459200 ms CreateObjectMapping: 0.172500 ms MarkObjects: 2.563100 ms  DeleteObjects: 0.127000 ms)

========================================================================
Received Import Request.
  Time since last request: 85.127961 seconds.
  path: Assets/Scenes/creditsScene.unity
  artifactKey: Guid(f428427ac5309c242902d989df3cc3f4) Importer(815301076,1909f56bfc062723c751e8b465ee728b)
Start importing Assets/Scenes/creditsScene.unity using Guid(f428427ac5309c242902d989df3cc3f4) Importer(815301076,1909f56bfc062723c751e8b465ee728b)  -> (artifact id: '8cd80692af83433406f7277ff94a6048') in 0.009965 seconds 
========================================================================
Received Import Request.
  Time since last request: 2.749343 seconds.
  path: Assets/Scenes/mainGame.unity
  artifactKey: Guid(2cda990e2423bbf4892e6590ba056729) Importer(815301076,1909f56bfc062723c751e8b465ee728b)
Start importing Assets/Scenes/mainGame.unity using Guid(2cda990e2423bbf4892e6590ba056729) Importer(815301076,1909f56bfc062723c751e8b465ee728b)  -> (artifact id: '265ccd4013171df8b4b2ab3fcf64793d') in 0.008148 seconds 
========================================================================
Received Import Request.
  Time since last request: 411.533723 seconds.
  path: Assets/sprites/png/selector.png
  artifactKey: Guid(4158c260a3b18ad4ba5fc8b4122b802d) Importer(815301076,1909f56bfc062723c751e8b465ee728b)
Start importing Assets/sprites/png/selector.png using Guid(4158c260a3b18ad4ba5fc8b4122b802d) Importer(815301076,1909f56bfc062723c751e8b465ee728b)  -> (artifact id: '50a81de2d47391476e56d8521c68570f') in 0.019074 seconds 
========================================================================
Received Import Request.
  Time since last request: 32.925677 seconds.
  path: Assets/sprites/png/selector.png
  artifactKey: Guid(4158c260a3b18ad4ba5fc8b4122b802d) Importer(815301076,1909f56bfc062723c751e8b465ee728b)
Start importing Assets/sprites/png/selector.png using Guid(4158c260a3b18ad4ba5fc8b4122b802d) Importer(815301076,1909f56bfc062723c751e8b465ee728b)  -> (artifact id: 'e6742fa1fd42802cd0a194b3de3f7499') in 0.013256 seconds 
========================================================================
Received Import Request.
  Time since last request: 4.925611 seconds.
  path: Assets/sprites/png/selector.png
  artifactKey: Guid(4158c260a3b18ad4ba5fc8b4122b802d) Importer(815301076,1909f56bfc062723c751e8b465ee728b)
Start importing Assets/sprites/png/selector.png using Guid(4158c260a3b18ad4ba5fc8b4122b802d) Importer(815301076,1909f56bfc062723c751e8b465ee728b)  -> (artifact id: '2ac79d1823612d040d3f9fa97ab86f14') in 0.018337 seconds 
========================================================================
Received Import Request.
  Time since last request: 6.470880 seconds.
  path: Assets/sprites/png/selector.png
  artifactKey: Guid(4158c260a3b18ad4ba5fc8b4122b802d) Importer(815301076,1909f56bfc062723c751e8b465ee728b)
Start importing Assets/sprites/png/selector.png using Guid(4158c260a3b18ad4ba5fc8b4122b802d) Importer(815301076,1909f56bfc062723c751e8b465ee728b)  -> (artifact id: 'b39dd4342bfcd5d7afcba1f0a79f6ee0') in 0.023709 seconds 
========================================================================
Received Import Request.
  Time since last request: 14.243226 seconds.
  path: Assets/sprites/png/selector.png
  artifactKey: Guid(4158c260a3b18ad4ba5fc8b4122b802d) Importer(815301076,1909f56bfc062723c751e8b465ee728b)
Start importing Assets/sprites/png/selector.png using Guid(4158c260a3b18ad4ba5fc8b4122b802d) Importer(815301076,1909f56bfc062723c751e8b465ee728b)  -> (artifact id: 'f2f027664ae370998b7e5270cdd58a61') in 0.011397 seconds 
========================================================================
Received Import Request.
  Time since last request: 7.049664 seconds.
  path: Assets/sprites/png/selector.png
  artifactKey: Guid(4158c260a3b18ad4ba5fc8b4122b802d) Importer(815301076,1909f56bfc062723c751e8b465ee728b)
Start importing Assets/sprites/png/selector.png using Guid(4158c260a3b18ad4ba5fc8b4122b802d) Importer(815301076,1909f56bfc062723c751e8b465ee728b)  -> (artifact id: '31437ba545398a22135e4ffe8220d78a') in 0.012815 seconds 
AssetImportWorkerClient::OnTransportError - code=2 error=End of file
